<?xml version="1.0" encoding="UTF-8"?>
<!-- Generated by org.testng.reporters.JUnitXMLReporter -->
<testsuite ignored="0" hostname="Alexeys-MBP.home" failures="0" tests="3" name="InetBankingApp Test" time="12.796" errors="0" timestamp="2021-06-20T14:59:17 EDT">
  <testcase classname="com.inetbanking.testCases.LoginTest_001" name="LoginTest" time="0.691"/>
  <testcase classname="com.inetbanking.testCases.AddCustomerTest_003" name="addNewCustomer" time="2.624"/>
  <testcase classname="com.inetbanking.testCases.EditCustomerTest_004" name="editCustomer" time="2.617"/>
</testsuite> <!-- InetBankingApp Test -->
