<?xml version="1.0" encoding="UTF-8"?>
<testng-results ignored="0" total="3" passed="3" failed="0" skipped="0">
  <reporter-output>
  </reporter-output>
  <suite started-at="2021-06-20T14:59:04 EDT" name="InetBankingV1" finished-at="2021-06-20T14:59:17 EDT" duration-ms="12796">
    <groups>
    </groups>
    <test started-at="2021-06-20T14:59:04 EDT" name="InetBankingApp Test" finished-at="2021-06-20T14:59:17 EDT" duration-ms="12796">
      <class name="com.inetbanking.testCases.LoginTest_001">
        <test-method is-config="true" signature="setup(java.lang.String)[pri:0, instance:com.inetbanking.testCases.LoginTest_001@7d20d0b]" started-at="2021-06-20T14:59:04 EDT" name="setup" finished-at="2021-06-20T14:59:07 EDT" duration-ms="2474" status="PASS">
          <params>
            <param index="0">
              <value>
                <![CDATA[chrome]]>
              </value>
            </param>
          </params>
          <reporter-output>
          </reporter-output>
        </test-method> <!-- setup -->
        <test-method signature="LoginTest()[pri:0, instance:com.inetbanking.testCases.LoginTest_001@7d20d0b]" started-at="2021-06-20T14:59:07 EDT" name="LoginTest" finished-at="2021-06-20T14:59:07 EDT" duration-ms="691" status="PASS">
          <reporter-output>
          </reporter-output>
        </test-method> <!-- LoginTest -->
        <test-method is-config="true" signature="tearDown()[pri:0, instance:com.inetbanking.testCases.LoginTest_001@7d20d0b]" started-at="2021-06-20T14:59:07 EDT" name="tearDown" finished-at="2021-06-20T14:59:08 EDT" duration-ms="87" status="PASS">
          <reporter-output>
          </reporter-output>
        </test-method> <!-- tearDown -->
      </class> <!-- com.inetbanking.testCases.LoginTest_001 -->
      <class name="com.inetbanking.testCases.EditCustomerTest_004">
        <test-method is-config="true" signature="setup(java.lang.String)[pri:0, instance:com.inetbanking.testCases.EditCustomerTest_004@23348b5d]" started-at="2021-06-20T14:59:12 EDT" name="setup" finished-at="2021-06-20T14:59:14 EDT" duration-ms="1914" status="PASS">
          <params>
            <param index="0">
              <value>
                <![CDATA[chrome]]>
              </value>
            </param>
          </params>
          <reporter-output>
          </reporter-output>
        </test-method> <!-- setup -->
        <test-method signature="editCustomer()[pri:0, instance:com.inetbanking.testCases.EditCustomerTest_004@23348b5d]" started-at="2021-06-20T14:59:14 EDT" name="editCustomer" finished-at="2021-06-20T14:59:17 EDT" duration-ms="2617" status="PASS">
          <reporter-output>
          </reporter-output>
        </test-method> <!-- editCustomer -->
        <test-method is-config="true" signature="tearDown()[pri:0, instance:com.inetbanking.testCases.EditCustomerTest_004@23348b5d]" started-at="2021-06-20T14:59:17 EDT" name="tearDown" finished-at="2021-06-20T14:59:17 EDT" duration-ms="90" status="PASS">
          <reporter-output>
          </reporter-output>
        </test-method> <!-- tearDown -->
      </class> <!-- com.inetbanking.testCases.EditCustomerTest_004 -->
      <class name="com.inetbanking.testCases.AddCustomerTest_003">
        <test-method is-config="true" signature="setup(java.lang.String)[pri:0, instance:com.inetbanking.testCases.AddCustomerTest_003@2df3b89c]" started-at="2021-06-20T14:59:08 EDT" name="setup" finished-at="2021-06-20T14:59:10 EDT" duration-ms="2002" status="PASS">
          <params>
            <param index="0">
              <value>
                <![CDATA[chrome]]>
              </value>
            </param>
          </params>
          <reporter-output>
          </reporter-output>
        </test-method> <!-- setup -->
        <test-method signature="addNewCustomer()[pri:0, instance:com.inetbanking.testCases.AddCustomerTest_003@2df3b89c]" started-at="2021-06-20T14:59:10 EDT" name="addNewCustomer" finished-at="2021-06-20T14:59:12 EDT" duration-ms="2624" status="PASS">
          <reporter-output>
          </reporter-output>
        </test-method> <!-- addNewCustomer -->
        <test-method is-config="true" signature="tearDown()[pri:0, instance:com.inetbanking.testCases.AddCustomerTest_003@2df3b89c]" started-at="2021-06-20T14:59:12 EDT" name="tearDown" finished-at="2021-06-20T14:59:12 EDT" duration-ms="87" status="PASS">
          <reporter-output>
          </reporter-output>
        </test-method> <!-- tearDown -->
      </class> <!-- com.inetbanking.testCases.AddCustomerTest_003 -->
    </test> <!-- InetBankingApp Test -->
  </suite> <!-- InetBankingV1 -->
</testng-results>
